mode: set
github.com/yboaron/cluster-hosted-net-services-operator/controllers/bindata.go:18.60,20.16 2 0
github.com/yboaron/cluster-hosted-net-services-operator/controllers/bindata.go:24.2,28.16 4 0
github.com/yboaron/cluster-hosted-net-services-operator/controllers/bindata.go:31.2,31.18 1 0
github.com/yboaron/cluster-hosted-net-services-operator/controllers/bindata.go:35.2,35.25 1 0
github.com/yboaron/cluster-hosted-net-services-operator/controllers/bindata.go:20.16,22.3 1 0
github.com/yboaron/cluster-hosted-net-services-operator/controllers/bindata.go:28.16,30.3 1 0
github.com/yboaron/cluster-hosted-net-services-operator/controllers/bindata.go:31.18,33.3 1 0
github.com/yboaron/cluster-hosted-net-services-operator/controllers/bindata.go:51.41,53.2 1 0
github.com/yboaron/cluster-hosted-net-services-operator/controllers/bindata.go:56.40,58.2 1 0
github.com/yboaron/cluster-hosted-net-services-operator/controllers/bindata.go:61.46,63.2 1 0
github.com/yboaron/cluster-hosted-net-services-operator/controllers/bindata.go:66.47,68.2 1 0
github.com/yboaron/cluster-hosted-net-services-operator/controllers/bindata.go:71.40,73.2 1 0
github.com/yboaron/cluster-hosted-net-services-operator/controllers/bindata.go:76.45,78.2 1 0
github.com/yboaron/cluster-hosted-net-services-operator/controllers/bindata.go:82.104,87.2 1 0
github.com/yboaron/cluster-hosted-net-services-operator/controllers/bindata.go:89.99,91.16 2 0
github.com/yboaron/cluster-hosted-net-services-operator/controllers/bindata.go:95.2,97.15 3 0
github.com/yboaron/cluster-hosted-net-services-operator/controllers/bindata.go:91.16,93.3 1 0
github.com/yboaron/cluster-hosted-net-services-operator/controllers/bindata.go:103.41,105.43 2 0
github.com/yboaron/cluster-hosted-net-services-operator/controllers/bindata.go:112.2,112.52 1 0
github.com/yboaron/cluster-hosted-net-services-operator/controllers/bindata.go:105.43,107.17 2 0
github.com/yboaron/cluster-hosted-net-services-operator/controllers/bindata.go:110.3,110.22 1 0
github.com/yboaron/cluster-hosted-net-services-operator/controllers/bindata.go:107.17,109.4 1 0
github.com/yboaron/cluster-hosted-net-services-operator/controllers/bindata.go:117.36,119.16 2 0
github.com/yboaron/cluster-hosted-net-services-operator/controllers/bindata.go:123.2,123.10 1 0
github.com/yboaron/cluster-hosted-net-services-operator/controllers/bindata.go:119.16,120.54 1 0
github.com/yboaron/cluster-hosted-net-services-operator/controllers/bindata.go:129.50,131.43 2 0
github.com/yboaron/cluster-hosted-net-services-operator/controllers/bindata.go:138.2,138.56 1 0
github.com/yboaron/cluster-hosted-net-services-operator/controllers/bindata.go:131.43,133.17 2 0
github.com/yboaron/cluster-hosted-net-services-operator/controllers/bindata.go:136.3,136.21 1 0
github.com/yboaron/cluster-hosted-net-services-operator/controllers/bindata.go:133.17,135.4 1 0
github.com/yboaron/cluster-hosted-net-services-operator/controllers/bindata.go:142.28,144.29 2 0
github.com/yboaron/cluster-hosted-net-services-operator/controllers/bindata.go:147.2,147.14 1 0
github.com/yboaron/cluster-hosted-net-services-operator/controllers/bindata.go:144.29,146.3 1 0
github.com/yboaron/cluster-hosted-net-services-operator/controllers/bindata.go:168.46,170.20 2 0
github.com/yboaron/cluster-hosted-net-services-operator/controllers/bindata.go:180.2,180.22 1 0
github.com/yboaron/cluster-hosted-net-services-operator/controllers/bindata.go:183.2,184.39 2 0
github.com/yboaron/cluster-hosted-net-services-operator/controllers/bindata.go:187.2,187.16 1 0
github.com/yboaron/cluster-hosted-net-services-operator/controllers/bindata.go:170.20,173.30 3 0
github.com/yboaron/cluster-hosted-net-services-operator/controllers/bindata.go:173.30,175.19 2 0
github.com/yboaron/cluster-hosted-net-services-operator/controllers/bindata.go:175.19,177.5 1 0
github.com/yboaron/cluster-hosted-net-services-operator/controllers/bindata.go:180.22,182.3 1 0
github.com/yboaron/cluster-hosted-net-services-operator/controllers/bindata.go:184.39,186.3 1 0
github.com/yboaron/cluster-hosted-net-services-operator/controllers/bindata.go:204.43,206.16 2 0
github.com/yboaron/cluster-hosted-net-services-operator/controllers/bindata.go:209.2,210.16 2 0
github.com/yboaron/cluster-hosted-net-services-operator/controllers/bindata.go:213.2,214.16 2 0
github.com/yboaron/cluster-hosted-net-services-operator/controllers/bindata.go:217.2,218.16 2 0
github.com/yboaron/cluster-hosted-net-services-operator/controllers/bindata.go:221.2,222.16 2 0
github.com/yboaron/cluster-hosted-net-services-operator/controllers/bindata.go:225.2,225.12 1 0
github.com/yboaron/cluster-hosted-net-services-operator/controllers/bindata.go:206.16,208.3 1 0
github.com/yboaron/cluster-hosted-net-services-operator/controllers/bindata.go:210.16,212.3 1 0
github.com/yboaron/cluster-hosted-net-services-operator/controllers/bindata.go:214.16,216.3 1 0
github.com/yboaron/cluster-hosted-net-services-operator/controllers/bindata.go:218.16,220.3 1 0
github.com/yboaron/cluster-hosted-net-services-operator/controllers/bindata.go:222.16,224.3 1 0
github.com/yboaron/cluster-hosted-net-services-operator/controllers/bindata.go:229.44,232.16 2 0
github.com/yboaron/cluster-hosted-net-services-operator/controllers/bindata.go:236.2,236.33 1 0
github.com/yboaron/cluster-hosted-net-services-operator/controllers/bindata.go:242.2,242.12 1 0
github.com/yboaron/cluster-hosted-net-services-operator/controllers/bindata.go:232.16,234.3 1 0
github.com/yboaron/cluster-hosted-net-services-operator/controllers/bindata.go:236.33,238.17 2 0
github.com/yboaron/cluster-hosted-net-services-operator/controllers/bindata.go:238.17,240.4 1 0
github.com/yboaron/cluster-hosted-net-services-operator/controllers/bindata.go:245.41,248.2 2 0
github.com/yboaron/cluster-hosted-net-services-operator/controllers/clusteroperator.go:61.76,69.2 1 0
github.com/yboaron/cluster-hosted-net-services-operator/controllers/clusteroperator.go:73.52,88.2 1 0
github.com/yboaron/cluster-hosted-net-services-operator/controllers/clusteroperator.go:92.66,95.19 2 0
github.com/yboaron/cluster-hosted-net-services-operator/controllers/clusteroperator.go:102.2,102.24 1 0
github.com/yboaron/cluster-hosted-net-services-operator/controllers/clusteroperator.go:95.19,100.3 1 0
github.com/yboaron/cluster-hosted-net-services-operator/controllers/clusteroperator.go:106.89,108.16 2 0
github.com/yboaron/cluster-hosted-net-services-operator/controllers/clusteroperator.go:112.2,114.16 3 0
github.com/yboaron/cluster-hosted-net-services-operator/controllers/clusteroperator.go:118.2,119.9 2 0
github.com/yboaron/cluster-hosted-net-services-operator/controllers/clusteroperator.go:123.2,123.113 1 0
github.com/yboaron/cluster-hosted-net-services-operator/controllers/clusteroperator.go:108.16,110.3 1 0
github.com/yboaron/cluster-hosted-net-services-operator/controllers/clusteroperator.go:114.16,116.3 1 0
github.com/yboaron/cluster-hosted-net-services-operator/controllers/clusteroperator.go:119.9,121.3 1 0
github.com/yboaron/cluster-hosted-net-services-operator/controllers/clusteroperator.go:127.128,129.31 2 0
github.com/yboaron/cluster-hosted-net-services-operator/controllers/clusteroperator.go:132.2,132.16 1 0
github.com/yboaron/cluster-hosted-net-services-operator/controllers/clusteroperator.go:137.2,137.45 1 0
github.com/yboaron/cluster-hosted-net-services-operator/controllers/clusteroperator.go:149.2,150.78 2 0
github.com/yboaron/cluster-hosted-net-services-operator/controllers/clusteroperator.go:154.2,154.89 1 0
github.com/yboaron/cluster-hosted-net-services-operator/controllers/clusteroperator.go:158.2,158.36 1 0
github.com/yboaron/cluster-hosted-net-services-operator/controllers/clusteroperator.go:163.2,163.18 1 0
github.com/yboaron/cluster-hosted-net-services-operator/controllers/clusteroperator.go:166.2,166.12 1 0
github.com/yboaron/cluster-hosted-net-services-operator/controllers/clusteroperator.go:129.31,131.3 1 0
github.com/yboaron/cluster-hosted-net-services-operator/controllers/clusteroperator.go:132.16,134.3 1 0
github.com/yboaron/cluster-hosted-net-services-operator/controllers/clusteroperator.go:137.45,139.17 2 0
github.com/yboaron/cluster-hosted-net-services-operator/controllers/clusteroperator.go:143.3,144.17 2 0
github.com/yboaron/cluster-hosted-net-services-operator/controllers/clusteroperator.go:139.17,141.4 1 0
github.com/yboaron/cluster-hosted-net-services-operator/controllers/clusteroperator.go:144.17,146.4 1 0
github.com/yboaron/cluster-hosted-net-services-operator/controllers/clusteroperator.go:150.78,153.3 2 0
github.com/yboaron/cluster-hosted-net-services-operator/controllers/clusteroperator.go:154.89,157.3 2 0
github.com/yboaron/cluster-hosted-net-services-operator/controllers/clusteroperator.go:158.36,161.3 2 0
github.com/yboaron/cluster-hosted-net-services-operator/controllers/clusteroperator.go:163.18,165.3 1 0
github.com/yboaron/cluster-hosted-net-services-operator/controllers/clusteroperator.go:169.86,172.16 2 0
github.com/yboaron/cluster-hosted-net-services-operator/controllers/clusteroperator.go:176.2,176.22 1 0
github.com/yboaron/cluster-hosted-net-services-operator/controllers/clusteroperator.go:172.16,174.3 1 0
github.com/yboaron/cluster-hosted-net-services-operator/controllers/clusteroperator.go:182.60,190.2 1 0
github.com/yboaron/cluster-hosted-net-services-operator/controllers/clusteroperator.go:193.128,194.26 1 0
github.com/yboaron/cluster-hosted-net-services-operator/controllers/clusteroperator.go:198.2,198.33 1 0
github.com/yboaron/cluster-hosted-net-services-operator/controllers/clusteroperator.go:203.2,204.12 2 0
github.com/yboaron/cluster-hosted-net-services-operator/controllers/clusteroperator.go:194.26,196.3 1 0
github.com/yboaron/cluster-hosted-net-services-operator/controllers/clusteroperator.go:198.33,201.3 2 0
github.com/yboaron/cluster-hosted-net-services-operator/controllers/clusteroperator.go:207.98,210.16 2 0
github.com/yboaron/cluster-hosted-net-services-operator/controllers/clusteroperator.go:214.2,215.19 2 0
github.com/yboaron/cluster-hosted-net-services-operator/controllers/clusteroperator.go:235.2,235.32 1 0
github.com/yboaron/cluster-hosted-net-services-operator/controllers/clusteroperator.go:210.16,213.3 2 0
github.com/yboaron/cluster-hosted-net-services-operator/controllers/clusteroperator.go:216.25,218.154 2 0
github.com/yboaron/cluster-hosted-net-services-operator/controllers/clusteroperator.go:219.21,221.149 2 0
github.com/yboaron/cluster-hosted-net-services-operator/controllers/clusteroperator.go:222.22,224.150 2 0
github.com/yboaron/cluster-hosted-net-services-operator/controllers/clusteroperator.go:225.56,228.149 3 0
github.com/yboaron/cluster-hosted-net-services-operator/controllers/clusteroperator.go:229.36,232.150 3 0
github.com/yboaron/cluster-hosted-net-services-operator/controllers/clusteroperator.go:238.81,242.16 2 0
github.com/yboaron/cluster-hosted-net-services-operator/controllers/clusteroperator.go:246.2,250.26 4 0
github.com/yboaron/cluster-hosted-net-services-operator/controllers/clusteroperator.go:253.2,257.12 4 0
github.com/yboaron/cluster-hosted-net-services-operator/controllers/clusteroperator.go:242.16,244.3 1 0
github.com/yboaron/cluster-hosted-net-services-operator/controllers/clusteroperator.go:250.26,252.3 1 0
github.com/yboaron/cluster-hosted-net-services-operator/controllers/config_controller.go:68.13,71.2 1 1
github.com/yboaron/cluster-hosted-net-services-operator/controllers/config_controller.go:87.62,91.16 3 0
github.com/yboaron/cluster-hosted-net-services-operator/controllers/config_controller.go:96.2,99.57 1 0
github.com/yboaron/cluster-hosted-net-services-operator/controllers/config_controller.go:103.2,103.18 1 0
github.com/yboaron/cluster-hosted-net-services-operator/controllers/config_controller.go:91.16,93.3 1 0
github.com/yboaron/cluster-hosted-net-services-operator/controllers/config_controller.go:99.57,101.3 1 0
github.com/yboaron/cluster-hosted-net-services-operator/controllers/config_controller.go:106.114,120.2 3 0
github.com/yboaron/cluster-hosted-net-services-operator/controllers/config_controller.go:122.54,126.16 3 0
github.com/yboaron/cluster-hosted-net-services-operator/controllers/config_controller.go:131.2,133.12 3 0
github.com/yboaron/cluster-hosted-net-services-operator/controllers/config_controller.go:126.16,129.3 2 0
github.com/yboaron/cluster-hosted-net-services-operator/controllers/config_controller.go:136.77,141.16 4 0
github.com/yboaron/cluster-hosted-net-services-operator/controllers/config_controller.go:145.2,145.14 1 0
github.com/yboaron/cluster-hosted-net-services-operator/controllers/config_controller.go:156.2,157.54 1 0
github.com/yboaron/cluster-hosted-net-services-operator/controllers/config_controller.go:162.2,162.78 1 0
github.com/yboaron/cluster-hosted-net-services-operator/controllers/config_controller.go:168.2,169.146 2 0
github.com/yboaron/cluster-hosted-net-services-operator/controllers/config_controller.go:183.2,185.28 2 0
github.com/yboaron/cluster-hosted-net-services-operator/controllers/config_controller.go:219.2,220.16 2 0
github.com/yboaron/cluster-hosted-net-services-operator/controllers/config_controller.go:224.2,225.16 2 0
github.com/yboaron/cluster-hosted-net-services-operator/controllers/config_controller.go:230.2,231.16 2 0
github.com/yboaron/cluster-hosted-net-services-operator/controllers/config_controller.go:236.2,237.16 2 0
github.com/yboaron/cluster-hosted-net-services-operator/controllers/config_controller.go:242.2,243.16 2 0
github.com/yboaron/cluster-hosted-net-services-operator/controllers/config_controller.go:248.2,249.16 2 0
github.com/yboaron/cluster-hosted-net-services-operator/controllers/config_controller.go:254.2,255.16 2 0
github.com/yboaron/cluster-hosted-net-services-operator/controllers/config_controller.go:260.2,261.16 2 0
github.com/yboaron/cluster-hosted-net-services-operator/controllers/config_controller.go:265.2,265.27 1 0
github.com/yboaron/cluster-hosted-net-services-operator/controllers/config_controller.go:141.16,143.3 1 0
github.com/yboaron/cluster-hosted-net-services-operator/controllers/config_controller.go:145.14,148.17 2 0
github.com/yboaron/cluster-hosted-net-services-operator/controllers/config_controller.go:153.3,153.28 1 0
github.com/yboaron/cluster-hosted-net-services-operator/controllers/config_controller.go:148.17,150.4 1 0
github.com/yboaron/cluster-hosted-net-services-operator/controllers/config_controller.go:157.54,160.3 2 0
github.com/yboaron/cluster-hosted-net-services-operator/controllers/config_controller.go:162.78,163.46 1 0
github.com/yboaron/cluster-hosted-net-services-operator/controllers/config_controller.go:166.3,166.90 1 0
github.com/yboaron/cluster-hosted-net-services-operator/controllers/config_controller.go:163.46,165.4 1 0
github.com/yboaron/cluster-hosted-net-services-operator/controllers/config_controller.go:169.146,170.32 1 0
github.com/yboaron/cluster-hosted-net-services-operator/controllers/config_controller.go:181.3,181.33 1 0
github.com/yboaron/cluster-hosted-net-services-operator/controllers/config_controller.go:170.32,174.18 3 0
github.com/yboaron/cluster-hosted-net-services-operator/controllers/config_controller.go:178.4,178.29 1 0
github.com/yboaron/cluster-hosted-net-services-operator/controllers/config_controller.go:174.18,177.5 2 0
github.com/yboaron/cluster-hosted-net-services-operator/controllers/config_controller.go:185.28,188.86 2 0
github.com/yboaron/cluster-hosted-net-services-operator/controllers/config_controller.go:188.86,200.4 3 0
github.com/yboaron/cluster-hosted-net-services-operator/controllers/config_controller.go:220.16,222.3 1 0
github.com/yboaron/cluster-hosted-net-services-operator/controllers/config_controller.go:225.16,228.3 2 0
github.com/yboaron/cluster-hosted-net-services-operator/controllers/config_controller.go:231.16,234.3 2 0
github.com/yboaron/cluster-hosted-net-services-operator/controllers/config_controller.go:237.16,240.3 2 0
github.com/yboaron/cluster-hosted-net-services-operator/controllers/config_controller.go:243.16,246.3 2 0
github.com/yboaron/cluster-hosted-net-services-operator/controllers/config_controller.go:249.16,252.3 2 0
github.com/yboaron/cluster-hosted-net-services-operator/controllers/config_controller.go:255.16,258.3 2 0
github.com/yboaron/cluster-hosted-net-services-operator/controllers/config_controller.go:261.16,263.3 1 0
github.com/yboaron/cluster-hosted-net-services-operator/controllers/config_controller.go:268.104,275.16 4 0
github.com/yboaron/cluster-hosted-net-services-operator/controllers/config_controller.go:279.2,279.49 1 0
github.com/yboaron/cluster-hosted-net-services-operator/controllers/config_controller.go:275.16,278.3 2 0
github.com/yboaron/cluster-hosted-net-services-operator/controllers/config_controller.go:282.110,293.16 8 0
github.com/yboaron/cluster-hosted-net-services-operator/controllers/config_controller.go:297.2,297.65 1 0
github.com/yboaron/cluster-hosted-net-services-operator/controllers/config_controller.go:293.16,296.3 2 0
github.com/yboaron/cluster-hosted-net-services-operator/controllers/config_controller.go:300.107,312.16 9 0
github.com/yboaron/cluster-hosted-net-services-operator/controllers/config_controller.go:316.2,316.62 1 0
github.com/yboaron/cluster-hosted-net-services-operator/controllers/config_controller.go:312.16,315.3 2 0
github.com/yboaron/cluster-hosted-net-services-operator/controllers/config_controller.go:319.104,330.16 8 0
github.com/yboaron/cluster-hosted-net-services-operator/controllers/config_controller.go:334.2,334.59 1 0
github.com/yboaron/cluster-hosted-net-services-operator/controllers/config_controller.go:330.16,333.3 2 0
github.com/yboaron/cluster-hosted-net-services-operator/controllers/config_controller.go:337.107,347.16 7 0
github.com/yboaron/cluster-hosted-net-services-operator/controllers/config_controller.go:351.2,351.62 1 0
github.com/yboaron/cluster-hosted-net-services-operator/controllers/config_controller.go:347.16,350.3 2 0
github.com/yboaron/cluster-hosted-net-services-operator/controllers/config_controller.go:354.69,359.2 1 0
github.com/yboaron/cluster-hosted-net-services-operator/controllers/config_controller.go:360.109,366.2 3 0
github.com/yboaron/cluster-hosted-net-services-operator/controllers/config_controller.go:368.158,375.16 5 0
github.com/yboaron/cluster-hosted-net-services-operator/controllers/config_controller.go:380.2,380.20 1 0
github.com/yboaron/cluster-hosted-net-services-operator/controllers/config_controller.go:384.2,384.27 1 0
github.com/yboaron/cluster-hosted-net-services-operator/controllers/config_controller.go:398.2,398.12 1 0
github.com/yboaron/cluster-hosted-net-services-operator/controllers/config_controller.go:375.16,377.3 1 0
github.com/yboaron/cluster-hosted-net-services-operator/controllers/config_controller.go:380.20,382.3 1 0
github.com/yboaron/cluster-hosted-net-services-operator/controllers/config_controller.go:384.27,387.26 1 0
github.com/yboaron/cluster-hosted-net-services-operator/controllers/config_controller.go:392.3,393.17 2 0
github.com/yboaron/cluster-hosted-net-services-operator/controllers/config_controller.go:387.26,388.12 1 0
github.com/yboaron/cluster-hosted-net-services-operator/controllers/config_controller.go:393.17,395.4 1 0
